GROUP,PACKAGE,CLASS,INSTRUCTION_MISSED,INSTRUCTION_COVERED,BRANCH_MISSED,BRANCH_COVERED,LINE_MISSED,LINE_COVERED,COMPLEXITY_MISSED,COMPLEXITY_COVERED,METHOD_MISSED,METHOD_COVERED
banking-test,dk.oertel.banking,NonExistingAccount,0,3,0,0,0,1,0,1,0,1
banking-test,dk.oertel.banking,BaseAccount,0,99,0,6,0,27,0,11,0,8
banking-test,dk.oertel.banking,SmsServiceImpl,5,0,0,0,2,0,2,0,2,0
banking-test,dk.oertel.banking,Transaction,0,22,0,0,0,8,0,4,0,4
banking-test,dk.oertel.banking,SmsFaultException,3,0,0,0,1,0,1,0,1,0
