<?xml version="1.0" encoding="UTF-8"?>
<testsuite xmlns:xsi="http://www.w3.org/2001/XMLSchema-instance" xsi:noNamespaceSchemaLocation="https://maven.apache.org/surefire/maven-surefire-plugin/xsd/surefire-test-report-3.0.xsd" version="3.0" name="dk.oertel.banking.BaseAccountTest" time="0.033" tests="6" errors="0" skipped="0" failures="0">
  <properties>
[...]
</properties>
  <testcase name="testCreatedAccountHasCustomer" classname="dk.oertel.banking.BaseAccountTest" time="0.003"/>
  <testcase name="testCreateAccount" classname="dk.oertel.banking.BaseAccountTest" time="0.001"/>
  <testcase name="testCreatedAccountHasZeroBalance" classname="dk.oertel.banking.BaseAccountTest" time="0.006"/>
  <testcase name="testCreatedAccountHasNumber" classname="dk.oertel.banking.BaseAccountTest" time="0.01"/>
  <testcase name="testCreatedAccountHasEmptyTransactions" classname="dk.oertel.banking.BaseAccountTest" time="0.004"/>
  <testcase name="testCreatedAccountHasBank" classname="dk.oertel.banking.BaseAccountTest" time="0.003"/>
</testsuite>